TN:
SF:src/App.hooks.ts
FN:4,(anonymous_0)
FN:5,(anonymous_1)
FN:12,(anonymous_2)
FNF:3
FNH:3
FNDA:24,(anonymous_0)
FNDA:24,(anonymous_1)
FNDA:1,(anonymous_2)
DA:1,1
DA:2,1
DA:4,1
DA:5,24
DA:6,24
DA:7,24
DA:8,0
DA:12,24
DA:30,1
DA:31,1
DA:38,1
DA:41,24
LF:12
LH:11
BRDA:7,0,0,0
BRDA:7,0,1,24
BRF:2
BRH:1
end_of_record
TN:
SF:src/App.tsx
FN:14,App
FN:39,(anonymous_2)
FNF:2
FNH:2
FNDA:24,App
FNDA:192,(anonymous_2)
DA:1,1
DA:2,1
DA:3,1
DA:4,1
DA:8,1
DA:9,1
DA:10,1
DA:11,1
DA:12,1
DA:15,24
DA:16,24
DA:17,24
DA:40,192
DA:48,1
LF:14
LH:14
BRF:0
BRH:0
end_of_record
TN:
SF:src/common/hooks/useVisibilityObserver.ts
FN:3,useVisibilityObserver
FN:7,(anonymous_1)
FN:9,(anonymous_2)
FN:20,(anonymous_3)
FNF:4
FNH:3
FNDA:8,useVisibilityObserver
FNDA:8,(anonymous_1)
FNDA:0,(anonymous_2)
FNDA:8,(anonymous_3)
DA:1,1
DA:3,1
DA:4,8
DA:5,8
DA:7,8
DA:8,8
DA:10,0
DA:15,8
DA:16,8
DA:17,8
DA:20,8
DA:21,8
DA:22,8
DA:27,8
LF:14
LH:13
BRDA:3,0,0,8
BRDA:16,1,0,8
BRDA:16,1,1,0
BRDA:21,2,0,8
BRDA:21,2,1,0
BRF:5
BRH:3
end_of_record
TN:
SF:src/components/careers/Careers.tsx
FN:8,(anonymous_1)
FN:46,(anonymous_2)
FNF:2
FNH:2
FNDA:5,(anonymous_1)
FNDA:25,(anonymous_2)
DA:1,1
DA:2,1
DA:3,1
DA:4,1
DA:5,1
DA:6,1
DA:8,1
DA:9,5
DA:16,5
DA:47,25
LF:10
LH:10
BRF:0
BRH:0
end_of_record
TN:
SF:src/components/careers/components/Badge.tsx
FN:7,(anonymous_1)
FNF:1
FNH:1
FNDA:8,(anonymous_1)
DA:1,1
DA:7,1
DA:8,8
LF:3
LH:3
BRF:0
BRH:0
end_of_record
TN:
SF:src/components/careers/components/InfoCard.tsx
FN:4,(anonymous_1)
FNF:1
FNH:1
FNDA:7,(anonymous_1)
DA:1,1
DA:2,1
DA:4,1
DA:5,7
LF:4
LH:4
BRF:0
BRH:0
end_of_record
TN:
SF:src/components/common/MapCard.tsx
FN:18,(anonymous_0)
FN:22,(anonymous_1)
FN:27,(anonymous_2)
FN:31,(anonymous_3)
FN:37,(anonymous_4)
FN:50,(anonymous_5)
FNF:6
FNH:0
FNDA:0,(anonymous_0)
FNDA:0,(anonymous_1)
FNDA:0,(anonymous_2)
FNDA:0,(anonymous_3)
FNDA:0,(anonymous_4)
FNDA:0,(anonymous_5)
DA:5,0
DA:16,0
DA:18,0
DA:19,0
DA:20,0
DA:22,0
DA:23,0
DA:24,0
DA:27,0
DA:28,0
DA:31,0
DA:32,0
DA:34,0
DA:37,0
DA:38,0
DA:43,0
DA:46,0
DA:50,0
DA:51,0
DA:52,0
DA:56,0
LF:21
LH:0
BRDA:28,0,0,0
BRDA:28,0,1,0
BRDA:28,1,0,0
BRDA:28,1,1,0
BRDA:51,2,0,0
BRDA:51,2,1,0
BRF:6
BRH:0
end_of_record
TN:
SF:src/components/common/PageTitle.tsx
FN:6,(anonymous_1)
FNF:1
FNH:1
FNDA:7,(anonymous_1)
DA:1,1
DA:6,1
DA:7,7
LF:3
LH:3
BRF:0
BRH:0
end_of_record
TN:
SF:src/components/common/ScrollToTop.tsx
FN:4,(anonymous_0)
FN:7,(anonymous_1)
FNF:2
FNH:2
FNDA:24,(anonymous_0)
FNDA:24,(anonymous_1)
DA:1,1
DA:2,1
DA:4,1
DA:5,24
DA:7,24
DA:8,24
DA:14,24
DA:17,1
LF:8
LH:8
BRF:0
BRH:0
end_of_record
TN:
SF:src/components/common/Seo.tsx
FN:3,Seo
FNF:1
FNH:1
FNDA:28,Seo
DA:1,3
DA:3,3
DA:10,28
LF:3
LH:3
BRF:0
BRH:0
end_of_record
TN:
SF:src/components/common/Layout/LanguageDropdown.tsx
FN:16,(anonymous_0)
FN:32,(anonymous_1)
FN:33,(anonymous_2)
FN:40,(anonymous_3)
FN:48,(anonymous_4)
FN:66,(anonymous_5)
FN:69,(anonymous_6)
FNF:7
FNH:0
FNDA:0,(anonymous_0)
FNDA:0,(anonymous_1)
FNDA:0,(anonymous_2)
FNDA:0,(anonymous_3)
FNDA:0,(anonymous_4)
FNDA:0,(anonymous_5)
FNDA:0,(anonymous_6)
DA:16,0
DA:17,0
DA:28,0
DA:29,0
DA:30,0
DA:32,0
DA:33,0
DA:34,0
DA:35,0
DA:39,0
DA:40,0
DA:41,0
DA:45,0
DA:48,0
DA:67,0
DA:69,0
LF:16
LH:0
BRDA:34,0,0,0
BRDA:34,0,1,0
BRDA:34,1,0,0
BRDA:34,1,1,0
BRF:4
BRH:0
end_of_record
TN:
SF:src/components/common/Layout/Layout.tsx
FN:24,(anonymous_1)
FNF:1
FNH:1
FNDA:8,(anonymous_1)
DA:2,1
DA:3,1
DA:4,1
DA:5,1
DA:6,1
DA:7,1
DA:8,1
DA:12,1
DA:13,1
DA:14,1
DA:15,1
DA:16,1
DA:24,1
DA:26,8
DA:27,8
DA:29,8
LF:16
LH:16
BRF:0
BRH:0
end_of_record
TN:
SF:src/components/common/Layout/Navigation.tsx
FN:19,(anonymous_0)
FN:28,(anonymous_1)
FN:43,(anonymous_2)
FN:57,(anonymous_3)
FN:66,(anonymous_4)
FN:75,(anonymous_5)
FN:84,(anonymous_6)
FN:93,(anonymous_7)
FN:97,(anonymous_8)
FN:112,(anonymous_9)
FN:117,(anonymous_10)
FN:122,(anonymous_11)
FNF:12
FNH:0
FNDA:0,(anonymous_0)
FNDA:0,(anonymous_1)
FNDA:0,(anonymous_2)
FNDA:0,(anonymous_3)
FNDA:0,(anonymous_4)
FNDA:0,(anonymous_5)
FNDA:0,(anonymous_6)
FNDA:0,(anonymous_7)
FNDA:0,(anonymous_8)
FNDA:0,(anonymous_9)
FNDA:0,(anonymous_10)
FNDA:0,(anonymous_11)
DA:19,0
DA:20,0
DA:22,0
DA:29,0
DA:44,0
DA:57,0
DA:66,0
DA:75,0
DA:84,0
DA:94,0
DA:97,0
DA:112,0
DA:113,0
DA:114,0
DA:116,0
DA:117,0
DA:120,0
DA:122,0
DA:123,0
DA:124,0
DA:127,0
DA:129,0
LF:22
LH:0
BRDA:117,0,0,0
BRDA:117,0,1,0
BRDA:123,1,0,0
BRDA:123,1,1,0
BRF:4
BRH:0
end_of_record
TN:
SF:src/components/common/Tabs/Tabs.tsx
FN:18,(anonymous_1)
FN:27,(anonymous_2)
FN:27,(anonymous_3)
FN:31,(anonymous_4)
FN:35,(anonymous_5)
FN:42,(anonymous_6)
FN:49,(anonymous_7)
FNF:7
FNH:7
FNDA:8,(anonymous_1)
FNDA:6,(anonymous_2)
FNDA:8,(anonymous_3)
FNDA:6,(anonymous_4)
FNDA:5,(anonymous_5)
FNDA:24,(anonymous_6)
FNDA:1,(anonymous_7)
DA:1,1
DA:2,1
DA:3,1
DA:18,1
DA:24,8
DA:26,8
DA:27,8
DA:31,8
DA:32,6
DA:35,8
DA:36,5
DA:39,8
DA:43,24
DA:49,1
LF:14
LH:14
BRF:0
BRH:0
end_of_record
TN:
SF:src/components/common/buttons/AppButton.tsx
FN:12,(anonymous_1)
FNF:1
FNH:1
FNDA:29,(anonymous_1)
DA:1,2
DA:2,2
DA:12,2
DA:19,29
LF:4
LH:4
BRDA:16,0,0,8
BRF:1
BRH:1
end_of_record
TN:
SF:src/components/common/fields/AppInputField.tsx
FN:13,(anonymous_1)
FN:31,(anonymous_2)
FNF:2
FNH:2
FNDA:62,(anonymous_1)
FNDA:20,(anonymous_2)
DA:1,2
DA:2,2
DA:13,2
DA:21,62
DA:31,20
LF:5
LH:5
BRDA:18,0,0,33
BRF:1
BRH:1
end_of_record
TN:
SF:src/components/common/fields/AppTextArea.tsx
FN:13,(anonymous_1)
FN:31,(anonymous_2)
FNF:2
FNH:2
FNDA:35,(anonymous_1)
FNDA:12,(anonymous_2)
DA:1,2
DA:2,2
DA:13,2
DA:21,35
DA:31,12
LF:5
LH:5
BRDA:19,0,0,11
BRF:1
BRH:1
end_of_record
TN:
SF:src/components/common/icons/Icon.tsx
FN:19,(anonymous_1)
FN:49,(anonymous_2)
FNF:2
FNH:2
FNDA:2,(anonymous_1)
FNDA:146,(anonymous_2)
DA:1,2
DA:3,2
DA:4,2
DA:5,2
DA:6,2
DA:7,2
DA:8,2
DA:9,2
DA:10,2
DA:11,2
DA:12,2
DA:13,2
DA:14,2
DA:15,2
DA:16,2
DA:17,2
DA:19,2
DA:20,2
DA:21,2
DA:22,2
DA:23,2
DA:24,2
DA:25,2
DA:26,2
DA:27,2
DA:28,2
DA:29,2
DA:30,2
DA:31,2
DA:32,2
DA:33,2
DA:49,2
DA:57,146
DA:74,146
LF:34
LH:34
BRDA:19,0,0,2
BRDA:19,0,1,2
BRF:2
BRH:2
end_of_record
TN:
SF:src/components/common/icons/baseIcons/BulgariaFlagIcon.tsx
FN:1,(anonymous_0)
FNF:1
FNH:0
FNDA:0,(anonymous_0)
DA:1,2
DA:2,0
LF:2
LH:1
BRF:0
BRH:0
end_of_record
TN:
SF:src/components/common/icons/baseIcons/BurgerMenuIcon.tsx
FN:1,(anonymous_0)
FNF:1
FNH:0
FNDA:0,(anonymous_0)
DA:1,2
DA:2,0
LF:2
LH:1
BRF:0
BRH:0
end_of_record
TN:
SF:src/components/common/icons/baseIcons/ClockIcon.tsx
FN:3,(anonymous_0)
FNF:1
FNH:0
FNDA:0,(anonymous_0)
DA:3,2
DA:4,0
LF:2
LH:1
BRDA:3,0,0,0
BRF:1
BRH:0
end_of_record
TN:
SF:src/components/common/icons/baseIcons/FacebookIcon.tsx
FN:3,(anonymous_0)
FNF:1
FNH:1
FNDA:19,(anonymous_0)
DA:3,2
DA:4,19
LF:2
LH:2
BRDA:3,0,0,19
BRF:1
BRH:1
end_of_record
TN:
SF:src/components/common/icons/baseIcons/InstagramIcon.tsx
FN:3,(anonymous_0)
FNF:1
FNH:1
FNDA:19,(anonymous_0)
DA:3,1
DA:4,19
LF:2
LH:2
BRDA:3,0,0,19
BRF:1
BRH:1
end_of_record
TN:
SF:src/components/common/icons/baseIcons/LocationIcon.tsx
FN:3,(anonymous_0)
FNF:1
FNH:0
FNDA:0,(anonymous_0)
DA:3,2
DA:4,0
LF:2
LH:1
BRDA:3,0,0,0
BRF:1
BRH:0
end_of_record
TN:
SF:src/components/common/icons/baseIcons/MailIcon.tsx
FN:3,(anonymous_0)
FNF:1
FNH:1
FNDA:38,(anonymous_0)
DA:3,1
DA:4,38
LF:2
LH:2
BRDA:3,0,0,38
BRF:1
BRH:1
end_of_record
TN:
SF:src/components/common/icons/baseIcons/MapIcon.tsx
FN:3,(anonymous_0)
FNF:1
FNH:0
FNDA:0,(anonymous_0)
DA:3,2
DA:4,0
LF:2
LH:1
BRDA:3,0,0,0
BRF:1
BRH:0
end_of_record
TN:
SF:src/components/common/icons/baseIcons/PhoneIcon.tsx
FN:3,(anonymous_0)
FNF:1
FNH:1
FNDA:19,(anonymous_0)
DA:3,1
DA:4,19
LF:2
LH:2
BRDA:3,0,0,19
BRF:1
BRH:1
end_of_record
TN:
SF:src/components/common/icons/baseIcons/PilatesModels.tsx
FN:1,(anonymous_0)
FNF:1
FNH:0
FNDA:0,(anonymous_0)
DA:1,2
DA:2,0
LF:2
LH:1
BRF:0
BRH:0
end_of_record
TN:
SF:src/components/common/icons/baseIcons/ReformPilatesLogo.tsx
FN:1,(anonymous_0)
FNF:1
FNH:0
FNDA:0,(anonymous_0)
DA:1,1
DA:2,0
LF:2
LH:1
BRF:0
BRH:0
end_of_record
TN:
SF:src/components/common/icons/baseIcons/TeamIcon.tsx
FN:3,(anonymous_0)
FNF:1
FNH:1
FNDA:19,(anonymous_0)
DA:3,2
DA:4,19
LF:2
LH:2
BRDA:3,0,0,19
BRF:1
BRH:1
end_of_record
TN:
SF:src/components/common/icons/baseIcons/TikTokIcon.tsx
FN:1,(anonymous_0)
FNF:1
FNH:1
FNDA:19,(anonymous_0)
DA:1,1
DA:2,19
LF:2
LH:2
BRF:0
BRH:0
end_of_record
TN:
SF:src/components/common/icons/baseIcons/UKFlagIcon.tsx
FN:1,(anonymous_0)
FNF:1
FNH:0
FNDA:0,(anonymous_0)
DA:1,2
DA:2,0
LF:2
LH:1
BRF:0
BRH:0
end_of_record
TN:
SF:src/components/common/infrastructure/navigation/navigationItems.ts
FNF:0
FNH:0
DA:9,0
LF:1
LH:0
BRF:0
BRH:0
end_of_record
TN:
SF:src/components/common/infrastructure/routes/routePaths.ts
FN:14,(anonymous_0)
FNF:1
FNH:1
FNDA:29,(anonymous_0)
DA:3,7
DA:14,7
DA:15,29
LF:3
LH:3
BRF:0
BRH:0
end_of_record
TN:
SF:src/components/common/infrastructure/routes/routesMetadata.tsx
FNF:0
FNH:0
DA:2,2
DA:3,2
DA:4,2
DA:5,2
DA:6,2
DA:7,2
DA:8,2
DA:9,2
DA:10,2
DA:18,2
LF:10
LH:10
BRF:0
BRH:0
end_of_record
TN:
SF:src/components/common/infrastructure/utilities/untranslsated.ts
FN:1,(anonymous_0)
FNF:1
FNH:1
FNDA:410,(anonymous_0)
DA:1,9
DA:2,410
LF:2
LH:2
BRF:0
BRH:0
end_of_record
TN:
SF:src/components/contactUs/ContactUs.tsx
FN:21,(anonymous_1)
FN:30,(anonymous_2)
FN:170,(anonymous_3)
FN:197,(anonymous_4)
FN:219,(anonymous_5)
FNF:5
FNH:5
FNDA:19,(anonymous_1)
FNDA:7,(anonymous_2)
FNDA:35,(anonymous_3)
FNDA:37,(anonymous_4)
FNDA:33,(anonymous_5)
DA:1,1
DA:2,1
DA:3,1
DA:4,1
DA:5,1
DA:6,1
DA:7,1
DA:8,1
DA:9,1
DA:10,1
DA:11,1
DA:12,1
DA:13,1
DA:21,1
DA:22,19
DA:28,19
DA:30,19
DA:31,7
DA:32,7
DA:33,7
DA:39,2
DA:40,2
DA:41,2
DA:44,1
DA:48,3
DA:52,19
DA:171,35
DA:198,37
DA:220,33
LF:29
LH:29
BRDA:39,0,0,2
BRDA:39,0,1,0
BRDA:54,1,0,19
BRDA:54,1,1,5
BRDA:180,2,0,19
BRDA:180,2,1,1
BRDA:207,3,0,19
BRDA:207,3,1,2
BRDA:229,4,0,19
BRDA:229,4,1,3
BRF:10
BRH:9
end_of_record
TN:
SF:src/components/home/Home.tsx
FN:11,(anonymous_1)
FN:44,(anonymous_2)
FNF:2
FNH:1
FNDA:6,(anonymous_1)
FNDA:0,(anonymous_2)
DA:1,1
DA:2,1
DA:3,1
DA:4,1
DA:5,1
DA:6,1
DA:7,1
DA:8,1
DA:9,1
DA:11,1
DA:12,6
DA:14,6
DA:44,0
LF:13
LH:12
BRF:0
BRH:0
end_of_record
TN:
SF:src/components/home/components/Card.tsx
FN:12,(anonymous_1)
FNF:1
FNH:1
FNDA:12,(anonymous_1)
DA:2,1
DA:3,1
DA:12,1
DA:13,12
LF:4
LH:4
BRF:0
BRH:0
end_of_record
TN:
SF:src/components/home/components/TestemonialCard.tsx
FN:8,(anonymous_1)
FNF:1
FNH:1
FNDA:12,(anonymous_1)
DA:1,1
DA:8,1
DA:9,12
LF:3
LH:3
BRF:0
BRH:0
end_of_record
TN:
SF:src/components/policies/PrivacyPolicy.tsx
FN:6,(anonymous_0)
FNF:1
FNH:0
FNDA:0,(anonymous_0)
DA:6,0
DA:7,0
LF:2
LH:0
BRF:0
BRH:0
end_of_record
TN:
SF:src/components/policies/TermsOfUse.tsx
FN:6,(anonymous_0)
FNF:1
FNH:0
FNDA:0,(anonymous_0)
DA:6,0
DA:7,0
LF:2
LH:0
BRF:0
BRH:0
end_of_record
TN:
SF:src/components/prices/Prices.tsx
FN:10,(anonymous_1)
FNF:1
FNH:1
FNDA:6,(anonymous_1)
DA:1,1
DA:2,1
DA:3,1
DA:4,1
DA:5,1
DA:6,1
DA:10,1
DA:11,6
DA:67,6
DA:103,6
DA:116,6
LF:11
LH:11
BRF:0
BRH:0
end_of_record
TN:
SF:src/components/prices/components/PricesTable.tsx
FN:17,(anonymous_1)
FN:20,(anonymous_2)
FN:23,(anonymous_3)
FNF:3
FNH:3
FNDA:12,(anonymous_1)
FNDA:18,(anonymous_2)
FNDA:30,(anonymous_3)
DA:1,1
DA:17,1
DA:18,12
DA:21,18
DA:24,30
LF:5
LH:5
BRF:0
BRH:0
end_of_record
TN:
SF:src/components/reformer/Reformer.tsx
FN:7,(anonymous_1)
FNF:1
FNH:1
FNDA:4,(anonymous_1)
DA:1,1
DA:2,1
DA:3,1
DA:4,1
DA:5,1
DA:7,1
DA:8,4
LF:7
LH:7
BRF:0
BRH:0
end_of_record
TN:
SF:src/components/reformer/components/Card.tsx
FN:8,(anonymous_1)
FNF:1
FNH:1
FNDA:6,(anonymous_1)
DA:1,1
DA:8,1
DA:9,6
LF:3
LH:3
BRDA:11,0,0,6
BRDA:11,0,1,5
BRDA:13,1,0,6
BRDA:13,1,1,5
BRF:4
BRH:4
end_of_record
TN:
SF:src/components/studios/Studios.tsx
FN:17,(anonymous_1)
FN:63,(anonymous_2)
FN:70,(anonymous_3)
FNF:3
FNH:3
FNDA:11,(anonymous_1)
FNDA:1,(anonymous_2)
FNDA:10,(anonymous_3)
DA:1,1
DA:2,1
DA:3,1
DA:4,1
DA:5,1
DA:6,1
DA:7,1
DA:14,1
DA:15,1
DA:17,1
DA:18,11
DA:61,11
DA:63,11
DA:64,1
DA:67,11
DA:69,11
DA:71,10
DA:77,11
LF:18
LH:18
BRDA:71,0,0,0
BRDA:71,0,1,10
BRDA:71,1,0,10
BRDA:71,1,1,0
BRF:4
BRH:2
end_of_record
TN:
SF:src/components/studios/components/StudioProfile.tsx
FN:31,(anonymous_0)
FN:48,(anonymous_1)
FN:74,(anonymous_2)
FNF:3
FNH:0
FNDA:0,(anonymous_0)
FNDA:0,(anonymous_1)
FNDA:0,(anonymous_2)
DA:31,0
DA:35,0
DA:49,0
DA:75,0
LF:4
LH:0
BRDA:70,0,0,0
BRDA:70,0,1,0
BRF:2
BRH:0
end_of_record
TN:
SF:src/components/studios/utilities/studiosUtility.tsx
FNF:0
FNH:0
DA:9,2
DA:27,2
DA:49,2
DA:67,2
LF:4
LH:4
BRF:0
BRH:0
end_of_record
TN:
SF:src/components/transparentPanel/TransparentPanel.tsx
FN:12,(anonymous_1)
FNF:1
FNH:1
FNDA:6,(anonymous_1)
DA:1,1
DA:2,1
DA:12,1
DA:18,6
LF:4
LH:4
BRDA:14,0,0,6
BRF:1
BRH:1
end_of_record
